0 info it worked if it ends with ok
1 verbose cli [ 'C:\\Program Files (x86)\\Microsoft Visual Studio\\2017\\Enterprise\\Web\\External\\Node.exe',
1 verbose cli   'C:\\Program Files (x86)\\Microsoft Visual Studio\\2017\\Enterprise\\Web\\External\\node_modules\\npm\\bin\\npm-cli.js',
1 verbose cli   'install' ]
2 info using npm@3.3.4
3 info using node@v5.4.1
4 silly loadCurrentTree Starting
5 silly install loadCurrentTree
6 silly install readLocalPackageData
7 silly install normalizeTree
8 silly loadCurrentTree Finishing
9 silly loadIdealTree Starting
10 silly install loadIdealTree
11 silly cloneCurrentTree Starting
12 silly install cloneCurrentTreeToIdealTree
13 silly cloneCurrentTree Finishing
14 silly loadShrinkwrap Starting
15 silly install loadShrinkwrap
16 silly loadShrinkwrap Finishing
17 silly loadAllDepsIntoIdealTree Starting
18 silly install loadAllDepsIntoIdealTree
19 silly fetchNamedPackageData @angular/animations
20 silly mapToRegistry name @angular/animations
21 silly mapToRegistry scope (from package name) @angular
22 verbose mapToRegistry no registry URL found in name for scope @angular
23 silly mapToRegistry using default registry
24 silly mapToRegistry registry https://registry.npmjs.org/
25 silly mapToRegistry uri https://registry.npmjs.org/@angular%2fanimations
26 silly fetchNamedPackageData @angular/common
27 silly mapToRegistry name @angular/common
28 silly mapToRegistry scope (from package name) @angular
29 verbose mapToRegistry no registry URL found in name for scope @angular
30 silly mapToRegistry using default registry
31 silly mapToRegistry registry https://registry.npmjs.org/
32 silly mapToRegistry uri https://registry.npmjs.org/@angular%2fcommon
33 silly fetchNamedPackageData @angular/compiler
34 silly mapToRegistry name @angular/compiler
35 silly mapToRegistry scope (from package name) @angular
36 verbose mapToRegistry no registry URL found in name for scope @angular
37 silly mapToRegistry using default registry
38 silly mapToRegistry registry https://registry.npmjs.org/
39 silly mapToRegistry uri https://registry.npmjs.org/@angular%2fcompiler
40 silly fetchNamedPackageData @angular/core
41 silly mapToRegistry name @angular/core
42 silly mapToRegistry scope (from package name) @angular
43 verbose mapToRegistry no registry URL found in name for scope @angular
44 silly mapToRegistry using default registry
45 silly mapToRegistry registry https://registry.npmjs.org/
46 silly mapToRegistry uri https://registry.npmjs.org/@angular%2fcore
47 silly fetchNamedPackageData @angular/forms
48 silly mapToRegistry name @angular/forms
49 silly mapToRegistry scope (from package name) @angular
50 verbose mapToRegistry no registry URL found in name for scope @angular
51 silly mapToRegistry using default registry
52 silly mapToRegistry registry https://registry.npmjs.org/
53 silly mapToRegistry uri https://registry.npmjs.org/@angular%2fforms
54 silly fetchNamedPackageData @angular/platform-browser
55 silly mapToRegistry name @angular/platform-browser
56 silly mapToRegistry scope (from package name) @angular
57 verbose mapToRegistry no registry URL found in name for scope @angular
58 silly mapToRegistry using default registry
59 silly mapToRegistry registry https://registry.npmjs.org/
60 silly mapToRegistry uri https://registry.npmjs.org/@angular%2fplatform-browser
61 silly fetchNamedPackageData @angular/platform-browser-dynamic
62 silly mapToRegistry name @angular/platform-browser-dynamic
63 silly mapToRegistry scope (from package name) @angular
64 verbose mapToRegistry no registry URL found in name for scope @angular
65 silly mapToRegistry using default registry
66 silly mapToRegistry registry https://registry.npmjs.org/
67 silly mapToRegistry uri https://registry.npmjs.org/@angular%2fplatform-browser-dynamic
68 silly fetchNamedPackageData @angular/router
69 silly mapToRegistry name @angular/router
70 silly mapToRegistry scope (from package name) @angular
71 verbose mapToRegistry no registry URL found in name for scope @angular
72 silly mapToRegistry using default registry
73 silly mapToRegistry registry https://registry.npmjs.org/
74 silly mapToRegistry uri https://registry.npmjs.org/@angular%2frouter
75 silly fetchNamedPackageData core-js
76 silly mapToRegistry name core-js
77 silly mapToRegistry using default registry
78 silly mapToRegistry registry https://registry.npmjs.org/
79 silly mapToRegistry uri https://registry.npmjs.org/core-js
80 silly fetchNamedPackageData rxjs
81 silly mapToRegistry name rxjs
82 silly mapToRegistry using default registry
83 silly mapToRegistry registry https://registry.npmjs.org/
84 silly mapToRegistry uri https://registry.npmjs.org/rxjs
85 silly fetchNamedPackageData tslib
86 silly mapToRegistry name tslib
87 silly mapToRegistry using default registry
88 silly mapToRegistry registry https://registry.npmjs.org/
89 silly mapToRegistry uri https://registry.npmjs.org/tslib
90 silly fetchNamedPackageData zone.js
91 silly mapToRegistry name zone.js
92 silly mapToRegistry using default registry
93 silly mapToRegistry registry https://registry.npmjs.org/
94 silly mapToRegistry uri https://registry.npmjs.org/zone.js
95 verbose request uri https://registry.npmjs.org/@angular%2fanimations
96 verbose request no auth needed
97 info attempt registry request try #1 at 6:33:20 PM
98 verbose request id 79eacd7274a688b6
99 http request GET https://registry.npmjs.org/@angular%2fanimations
100 verbose request uri https://registry.npmjs.org/@angular%2fcommon
101 verbose request no auth needed
102 info attempt registry request try #1 at 6:33:20 PM
103 http request GET https://registry.npmjs.org/@angular%2fcommon
104 verbose request uri https://registry.npmjs.org/@angular%2fcompiler
105 verbose request no auth needed
106 info attempt registry request try #1 at 6:33:20 PM
107 http request GET https://registry.npmjs.org/@angular%2fcompiler
108 verbose request uri https://registry.npmjs.org/@angular%2fcore
109 verbose request no auth needed
110 info attempt registry request try #1 at 6:33:20 PM
111 http request GET https://registry.npmjs.org/@angular%2fcore
112 verbose request uri https://registry.npmjs.org/@angular%2fforms
113 verbose request no auth needed
114 info attempt registry request try #1 at 6:33:20 PM
115 http request GET https://registry.npmjs.org/@angular%2fforms
116 verbose request uri https://registry.npmjs.org/@angular%2fplatform-browser-dynamic
117 verbose request no auth needed
118 info attempt registry request try #1 at 6:33:20 PM
119 http request GET https://registry.npmjs.org/@angular%2fplatform-browser-dynamic
120 verbose request uri https://registry.npmjs.org/@angular%2fplatform-browser
121 verbose request no auth needed
122 info attempt registry request try #1 at 6:33:20 PM
123 http request GET https://registry.npmjs.org/@angular%2fplatform-browser
124 verbose request uri https://registry.npmjs.org/core-js
125 verbose request no auth needed
126 info attempt registry request try #1 at 6:33:20 PM
127 http request GET https://registry.npmjs.org/core-js
128 verbose request uri https://registry.npmjs.org/@angular%2frouter
129 verbose request no auth needed
130 info attempt registry request try #1 at 6:33:20 PM
131 http request GET https://registry.npmjs.org/@angular%2frouter
132 verbose request uri https://registry.npmjs.org/rxjs
133 verbose request no auth needed
134 info attempt registry request try #1 at 6:33:20 PM
135 http request GET https://registry.npmjs.org/rxjs
136 verbose request uri https://registry.npmjs.org/tslib
137 verbose request no auth needed
138 info attempt registry request try #1 at 6:33:20 PM
139 http request GET https://registry.npmjs.org/tslib
140 verbose request uri https://registry.npmjs.org/zone.js
141 verbose request no auth needed
142 info attempt registry request try #1 at 6:33:20 PM
143 http request GET https://registry.npmjs.org/zone.js
144 info retry will retry, error on last attempt: Error: connect ETIMEDOUT 104.16.16.35:443
145 info retry will retry, error on last attempt: Error: connect ETIMEDOUT 104.16.16.35:443
146 info retry will retry, error on last attempt: Error: connect ETIMEDOUT 104.16.16.35:443
147 info retry will retry, error on last attempt: Error: connect ETIMEDOUT 104.16.16.35:443
148 info retry will retry, error on last attempt: Error: connect ETIMEDOUT 104.16.16.35:443
149 info retry will retry, error on last attempt: Error: connect ETIMEDOUT 104.16.16.35:443
150 info retry will retry, error on last attempt: Error: connect ETIMEDOUT 104.16.16.35:443
151 info retry will retry, error on last attempt: Error: connect ETIMEDOUT 104.16.16.35:443
152 info retry will retry, error on last attempt: Error: connect ETIMEDOUT 104.16.16.35:443
153 info retry will retry, error on last attempt: Error: connect ETIMEDOUT 104.16.16.35:443
154 info retry will retry, error on last attempt: Error: connect ETIMEDOUT 104.16.16.35:443
155 info retry will retry, error on last attempt: Error: connect ETIMEDOUT 104.16.16.35:443
156 info attempt registry request try #2 at 6:33:51 PM
157 http request GET https://registry.npmjs.org/@angular%2fcompiler
158 info attempt registry request try #2 at 6:33:51 PM
159 http request GET https://registry.npmjs.org/@angular%2fcommon
160 info attempt registry request try #2 at 6:33:51 PM
161 http request GET https://registry.npmjs.org/@angular%2fanimations
162 info attempt registry request try #2 at 6:33:51 PM
163 http request GET https://registry.npmjs.org/@angular%2fcore
164 info attempt registry request try #2 at 6:33:51 PM
165 http request GET https://registry.npmjs.org/@angular%2fplatform-browser
166 info attempt registry request try #2 at 6:33:51 PM
167 http request GET https://registry.npmjs.org/@angular%2fforms
168 info attempt registry request try #2 at 6:33:51 PM
169 http request GET https://registry.npmjs.org/core-js
170 info attempt registry request try #2 at 6:33:51 PM
171 http request GET https://registry.npmjs.org/@angular%2fplatform-browser-dynamic
172 info attempt registry request try #2 at 6:33:51 PM
173 http request GET https://registry.npmjs.org/rxjs
174 info attempt registry request try #2 at 6:33:51 PM
175 http request GET https://registry.npmjs.org/@angular%2frouter
176 info attempt registry request try #2 at 6:33:51 PM
177 http request GET https://registry.npmjs.org/zone.js
178 info attempt registry request try #2 at 6:33:51 PM
179 http request GET https://registry.npmjs.org/tslib
180 info retry will retry, error on last attempt: Error: connect ETIMEDOUT 104.16.16.35:443
181 info retry will retry, error on last attempt: Error: connect ETIMEDOUT 104.16.16.35:443
182 info retry will retry, error on last attempt: Error: connect ETIMEDOUT 104.16.16.35:443
183 info retry will retry, error on last attempt: Error: connect ETIMEDOUT 104.16.16.35:443
184 info retry will retry, error on last attempt: Error: connect ETIMEDOUT 104.16.16.35:443
185 info retry will retry, error on last attempt: Error: connect ETIMEDOUT 104.16.16.35:443
186 info retry will retry, error on last attempt: Error: connect ETIMEDOUT 104.16.16.35:443
187 info retry will retry, error on last attempt: Error: connect ETIMEDOUT 104.16.16.35:443
188 info retry will retry, error on last attempt: Error: connect ETIMEDOUT 104.16.16.35:443
189 info retry will retry, error on last attempt: Error: connect ETIMEDOUT 104.16.16.35:443
190 info retry will retry, error on last attempt: Error: connect ETIMEDOUT 104.16.16.35:443
191 info retry will retry, error on last attempt: Error: connect ETIMEDOUT 104.16.16.35:443
192 info attempt registry request try #3 at 6:35:12 PM
193 http request GET https://registry.npmjs.org/@angular%2fcompiler
194 info attempt registry request try #3 at 6:35:12 PM
195 http request GET https://registry.npmjs.org/@angular%2fanimations
196 info attempt registry request try #3 at 6:35:12 PM
197 http request GET https://registry.npmjs.org/@angular%2fplatform-browser
198 info attempt registry request try #3 at 6:35:12 PM
199 http request GET https://registry.npmjs.org/@angular%2fcommon
200 info attempt registry request try #3 at 6:35:12 PM
201 http request GET https://registry.npmjs.org/@angular%2fcore
202 info attempt registry request try #3 at 6:35:12 PM
203 http request GET https://registry.npmjs.org/core-js
204 info attempt registry request try #3 at 6:35:12 PM
205 http request GET https://registry.npmjs.org/@angular%2fforms
206 info attempt registry request try #3 at 6:35:12 PM
207 http request GET https://registry.npmjs.org/@angular%2fplatform-browser-dynamic
208 info attempt registry request try #3 at 6:35:12 PM
209 http request GET https://registry.npmjs.org/rxjs
210 info attempt registry request try #3 at 6:35:12 PM
211 http request GET https://registry.npmjs.org/tslib
212 info attempt registry request try #3 at 6:35:12 PM
213 http request GET https://registry.npmjs.org/zone.js
214 info attempt registry request try #3 at 6:35:12 PM
215 http request GET https://registry.npmjs.org/@angular%2frouter
216 silly fetchPackageMetaData Error: connect ETIMEDOUT 104.16.16.35:443
216 silly fetchPackageMetaData     at Object.exports._errnoException (util.js:856:11)
216 silly fetchPackageMetaData     at exports._exceptionWithHostPort (util.js:879:20)
216 silly fetchPackageMetaData     at TCPConnectWrap.afterConnect [as oncomplete] (net.js:1062:14)
216 silly fetchPackageMetaData  error for @angular/animations@~7.2.0 { [Error: connect ETIMEDOUT 104.16.16.35:443]
216 silly fetchPackageMetaData   code: 'ETIMEDOUT',
216 silly fetchPackageMetaData   errno: 'ETIMEDOUT',
216 silly fetchPackageMetaData   syscall: 'connect',
216 silly fetchPackageMetaData   address: '104.16.16.35',
216 silly fetchPackageMetaData   port: 443 }
217 silly fetchPackageMetaData Error: connect ETIMEDOUT 104.16.16.35:443
217 silly fetchPackageMetaData     at Object.exports._errnoException (util.js:856:11)
217 silly fetchPackageMetaData     at exports._exceptionWithHostPort (util.js:879:20)
217 silly fetchPackageMetaData     at TCPConnectWrap.afterConnect [as oncomplete] (net.js:1062:14)
217 silly fetchPackageMetaData  error for @angular/compiler@~7.2.0 { [Error: connect ETIMEDOUT 104.16.16.35:443]
217 silly fetchPackageMetaData   code: 'ETIMEDOUT',
217 silly fetchPackageMetaData   errno: 'ETIMEDOUT',
217 silly fetchPackageMetaData   syscall: 'connect',
217 silly fetchPackageMetaData   address: '104.16.16.35',
217 silly fetchPackageMetaData   port: 443 }
218 silly fetchPackageMetaData Error: connect ETIMEDOUT 104.16.16.35:443
218 silly fetchPackageMetaData     at Object.exports._errnoException (util.js:856:11)
218 silly fetchPackageMetaData     at exports._exceptionWithHostPort (util.js:879:20)
218 silly fetchPackageMetaData     at TCPConnectWrap.afterConnect [as oncomplete] (net.js:1062:14)
218 silly fetchPackageMetaData  error for @angular/platform-browser@~7.2.0 { [Error: connect ETIMEDOUT 104.16.16.35:443]
218 silly fetchPackageMetaData   code: 'ETIMEDOUT',
218 silly fetchPackageMetaData   errno: 'ETIMEDOUT',
218 silly fetchPackageMetaData   syscall: 'connect',
218 silly fetchPackageMetaData   address: '104.16.16.35',
218 silly fetchPackageMetaData   port: 443 }
219 silly fetchPackageMetaData Error: connect ETIMEDOUT 104.16.16.35:443
219 silly fetchPackageMetaData     at Object.exports._errnoException (util.js:856:11)
219 silly fetchPackageMetaData     at exports._exceptionWithHostPort (util.js:879:20)
219 silly fetchPackageMetaData     at TCPConnectWrap.afterConnect [as oncomplete] (net.js:1062:14)
219 silly fetchPackageMetaData  error for @angular/common@~7.2.0 { [Error: connect ETIMEDOUT 104.16.16.35:443]
219 silly fetchPackageMetaData   code: 'ETIMEDOUT',
219 silly fetchPackageMetaData   errno: 'ETIMEDOUT',
219 silly fetchPackageMetaData   syscall: 'connect',
219 silly fetchPackageMetaData   address: '104.16.16.35',
219 silly fetchPackageMetaData   port: 443 }
220 silly fetchPackageMetaData Error: connect ETIMEDOUT 104.16.16.35:443
220 silly fetchPackageMetaData     at Object.exports._errnoException (util.js:856:11)
220 silly fetchPackageMetaData     at exports._exceptionWithHostPort (util.js:879:20)
220 silly fetchPackageMetaData     at TCPConnectWrap.afterConnect [as oncomplete] (net.js:1062:14)
220 silly fetchPackageMetaData  error for core-js@^2.5.4 { [Error: connect ETIMEDOUT 104.16.16.35:443]
220 silly fetchPackageMetaData   code: 'ETIMEDOUT',
220 silly fetchPackageMetaData   errno: 'ETIMEDOUT',
220 silly fetchPackageMetaData   syscall: 'connect',
220 silly fetchPackageMetaData   address: '104.16.16.35',
220 silly fetchPackageMetaData   port: 443 }
221 silly fetchPackageMetaData Error: connect ETIMEDOUT 104.16.16.35:443
221 silly fetchPackageMetaData     at Object.exports._errnoException (util.js:856:11)
221 silly fetchPackageMetaData     at exports._exceptionWithHostPort (util.js:879:20)
221 silly fetchPackageMetaData     at TCPConnectWrap.afterConnect [as oncomplete] (net.js:1062:14)
221 silly fetchPackageMetaData  error for @angular/core@~7.2.0 { [Error: connect ETIMEDOUT 104.16.16.35:443]
221 silly fetchPackageMetaData   code: 'ETIMEDOUT',
221 silly fetchPackageMetaData   errno: 'ETIMEDOUT',
221 silly fetchPackageMetaData   syscall: 'connect',
221 silly fetchPackageMetaData   address: '104.16.16.35',
221 silly fetchPackageMetaData   port: 443 }
222 silly fetchPackageMetaData Error: connect ETIMEDOUT 104.16.16.35:443
222 silly fetchPackageMetaData     at Object.exports._errnoException (util.js:856:11)
222 silly fetchPackageMetaData     at exports._exceptionWithHostPort (util.js:879:20)
222 silly fetchPackageMetaData     at TCPConnectWrap.afterConnect [as oncomplete] (net.js:1062:14)
222 silly fetchPackageMetaData  error for @angular/forms@~7.2.0 { [Error: connect ETIMEDOUT 104.16.16.35:443]
222 silly fetchPackageMetaData   code: 'ETIMEDOUT',
222 silly fetchPackageMetaData   errno: 'ETIMEDOUT',
222 silly fetchPackageMetaData   syscall: 'connect',
222 silly fetchPackageMetaData   address: '104.16.16.35',
222 silly fetchPackageMetaData   port: 443 }
223 silly fetchPackageMetaData Error: connect ETIMEDOUT 104.16.16.35:443
223 silly fetchPackageMetaData     at Object.exports._errnoException (util.js:856:11)
223 silly fetchPackageMetaData     at exports._exceptionWithHostPort (util.js:879:20)
223 silly fetchPackageMetaData     at TCPConnectWrap.afterConnect [as oncomplete] (net.js:1062:14)
223 silly fetchPackageMetaData  error for @angular/platform-browser-dynamic@~7.2.0 { [Error: connect ETIMEDOUT 104.16.16.35:443]
223 silly fetchPackageMetaData   code: 'ETIMEDOUT',
223 silly fetchPackageMetaData   errno: 'ETIMEDOUT',
223 silly fetchPackageMetaData   syscall: 'connect',
223 silly fetchPackageMetaData   address: '104.16.16.35',
223 silly fetchPackageMetaData   port: 443 }
224 silly fetchPackageMetaData Error: connect ETIMEDOUT 104.16.16.35:443
224 silly fetchPackageMetaData     at Object.exports._errnoException (util.js:856:11)
224 silly fetchPackageMetaData     at exports._exceptionWithHostPort (util.js:879:20)
224 silly fetchPackageMetaData     at TCPConnectWrap.afterConnect [as oncomplete] (net.js:1062:14)
224 silly fetchPackageMetaData  error for rxjs@~6.3.3 { [Error: connect ETIMEDOUT 104.16.16.35:443]
224 silly fetchPackageMetaData   code: 'ETIMEDOUT',
224 silly fetchPackageMetaData   errno: 'ETIMEDOUT',
224 silly fetchPackageMetaData   syscall: 'connect',
224 silly fetchPackageMetaData   address: '104.16.16.35',
224 silly fetchPackageMetaData   port: 443 }
225 silly fetchPackageMetaData Error: connect ETIMEDOUT 104.16.16.35:443
225 silly fetchPackageMetaData     at Object.exports._errnoException (util.js:856:11)
225 silly fetchPackageMetaData     at exports._exceptionWithHostPort (util.js:879:20)
225 silly fetchPackageMetaData     at TCPConnectWrap.afterConnect [as oncomplete] (net.js:1062:14)
225 silly fetchPackageMetaData  error for tslib@^1.9.0 { [Error: connect ETIMEDOUT 104.16.16.35:443]
225 silly fetchPackageMetaData   code: 'ETIMEDOUT',
225 silly fetchPackageMetaData   errno: 'ETIMEDOUT',
225 silly fetchPackageMetaData   syscall: 'connect',
225 silly fetchPackageMetaData   address: '104.16.16.35',
225 silly fetchPackageMetaData   port: 443 }
226 silly fetchPackageMetaData Error: connect ETIMEDOUT 104.16.16.35:443
226 silly fetchPackageMetaData     at Object.exports._errnoException (util.js:856:11)
226 silly fetchPackageMetaData     at exports._exceptionWithHostPort (util.js:879:20)
226 silly fetchPackageMetaData     at TCPConnectWrap.afterConnect [as oncomplete] (net.js:1062:14)
226 silly fetchPackageMetaData  error for zone.js@~0.8.26 { [Error: connect ETIMEDOUT 104.16.16.35:443]
226 silly fetchPackageMetaData   code: 'ETIMEDOUT',
226 silly fetchPackageMetaData   errno: 'ETIMEDOUT',
226 silly fetchPackageMetaData   syscall: 'connect',
226 silly fetchPackageMetaData   address: '104.16.16.35',
226 silly fetchPackageMetaData   port: 443 }
227 silly fetchPackageMetaData Error: connect ETIMEDOUT 104.16.16.35:443
227 silly fetchPackageMetaData     at Object.exports._errnoException (util.js:856:11)
227 silly fetchPackageMetaData     at exports._exceptionWithHostPort (util.js:879:20)
227 silly fetchPackageMetaData     at TCPConnectWrap.afterConnect [as oncomplete] (net.js:1062:14)
227 silly fetchPackageMetaData  error for @angular/router@~7.2.0 { [Error: connect ETIMEDOUT 104.16.16.35:443]
227 silly fetchPackageMetaData   code: 'ETIMEDOUT',
227 silly fetchPackageMetaData   errno: 'ETIMEDOUT',
227 silly fetchPackageMetaData   syscall: 'connect',
227 silly fetchPackageMetaData   address: '104.16.16.35',
227 silly fetchPackageMetaData   port: 443 }
228 silly rollbackFailedOptional Starting
229 silly rollbackFailedOptional Finishing
230 silly runTopLevelLifecycles Starting
231 silly runTopLevelLifecycles Finishing
232 silly install printInstalled
233 verbose stack Error: connect ETIMEDOUT 104.16.16.35:443
233 verbose stack     at Object.exports._errnoException (util.js:856:11)
233 verbose stack     at exports._exceptionWithHostPort (util.js:879:20)
233 verbose stack     at TCPConnectWrap.afterConnect [as oncomplete] (net.js:1062:14)
234 verbose cwd C:\Assignments\Angular\new-app
235 error Windows_NT 10.0.15063
236 error argv "C:\\Program Files (x86)\\Microsoft Visual Studio\\2017\\Enterprise\\Web\\External\\Node.exe" "C:\\Program Files (x86)\\Microsoft Visual Studio\\2017\\Enterprise\\Web\\External\\node_modules\\npm\\bin\\npm-cli.js" "install"
237 error node v5.4.1
238 error npm  v3.3.4
239 error code ETIMEDOUT
240 error errno ETIMEDOUT
241 error syscall connect
242 error network connect ETIMEDOUT 104.16.16.35:443
242 error network This is most likely not a problem with npm itself
242 error network and is related to network connectivity.
242 error network In most cases you are behind a proxy or have bad network settings.
242 error network
242 error network If you are behind a proxy, please make sure that the
242 error network 'proxy' config is set properly.  See: 'npm help config'
243 verbose exit [ 1, true ]
